21_44_46,427 telegram.bot DEBUG Entering: get_updates
21_44_46,776 telegram.bot DEBUG No new updates found.
21_44_46,776 telegram.bot DEBUG []
21_44_46,776 telegram.bot DEBUG Exiting: get_updates
21_44_47,777 telegram.bot DEBUG Entering: get_updates
21_46_01,52 telegram.bot DEBUG Entering: get_updates
21_46_01,266 telegram.bot DEBUG No new updates found.
21_46_01,266 telegram.bot DEBUG []
21_46_01,266 telegram.bot DEBUG Exiting: get_updates
21_46_02,266 telegram.bot DEBUG Entering: get_updates
21_46_15,644 telegram.bot DEBUG Entering: get_updates
21_46_15,824 telegram.bot DEBUG No new updates found.
21_46_15,824 telegram.bot DEBUG []
21_46_15,824 telegram.bot DEBUG Exiting: get_updates
21_46_17,825 telegram.bot DEBUG Entering: get_updates
21_58_25,177 urllib3.connectionpool DEBUG Starting new HTTPS connection (1): api.telegram.org:443
21_58_30,68 urllib3.connectionpool DEBUG https://api.telegram.org:443 "GET /bot2029964802:AAH78ON4PoZbzjOqxnLGuSLa5X9xG9BeTc4/getUpdates?offset=1&timeout=20 HTTP/1.1" 200 356
21_58_50,183 urllib3.connectionpool DEBUG https://api.telegram.org:443 "GET /bot2029964802:AAH78ON4PoZbzjOqxnLGuSLa5X9xG9BeTc4/getUpdates?offset=464427350&timeout=20 HTTP/1.1" 200 23
21_59_05,186 TeleBot ERROR Infinity polling: polling exited
21_59_05,186 TeleBot ERROR Break infinity polling
22_00_00,376 urllib3.connectionpool DEBUG Starting new HTTPS connection (1): api.telegram.org:443
22_00_13,431 urllib3.connectionpool DEBUG Starting new HTTPS connection (1): api.telegram.org:443
22_00_18,397 urllib3.connectionpool DEBUG https://api.telegram.org:443 "GET /bot2029964802:AAH78ON4PoZbzjOqxnLGuSLa5X9xG9BeTc4/getUpdates?offset=1&timeout=20 HTTP/1.1" 200 356
22_00_31,121 urllib3.connectionpool DEBUG Starting new HTTPS connection (1): api.telegram.org:443
22_00_32,205 urllib3.connectionpool DEBUG https://api.telegram.org:443 "GET /bot2029964802:AAH78ON4PoZbzjOqxnLGuSLa5X9xG9BeTc4/getUpdates?offset=1&timeout=20 HTTP/1.1" 200 356
22_00_52,238 urllib3.connectionpool DEBUG https://api.telegram.org:443 "GET /bot2029964802:AAH78ON4PoZbzjOqxnLGuSLa5X9xG9BeTc4/getUpdates?offset=464427352&timeout=20 HTTP/1.1" 200 23
22_06_16,747 urllib3.connectionpool DEBUG Starting new HTTPS connection (1): api.telegram.org:443
22_06_22,838 urllib3.connectionpool DEBUG https://api.telegram.org:443 "GET /bot2029964802:AAH78ON4PoZbzjOqxnLGuSLa5X9xG9BeTc4/getUpdates?offset=1&timeout=20 HTTP/1.1" 200 356
22_06_33,244 urllib3.connectionpool DEBUG Starting new HTTPS connection (1): api.telegram.org:443
22_06_34,774 urllib3.connectionpool DEBUG https://api.telegram.org:443 "GET /bot2029964802:AAH78ON4PoZbzjOqxnLGuSLa5X9xG9BeTc4/getUpdates?offset=1&timeout=20 HTTP/1.1" 200 356
22_06_54,807 urllib3.connectionpool DEBUG https://api.telegram.org:443 "GET /bot2029964802:AAH78ON4PoZbzjOqxnLGuSLa5X9xG9BeTc4/getUpdates?offset=464427354&timeout=20 HTTP/1.1" 200 23
22_08_50,537 urllib3.connectionpool DEBUG Starting new HTTPS connection (1): api.telegram.org:443
22_08_54,363 urllib3.connectionpool DEBUG https://api.telegram.org:443 "GET /bot2029964802:AAH78ON4PoZbzjOqxnLGuSLa5X9xG9BeTc4/getUpdates?offset=1&timeout=20 HTTP/1.1" 200 356
22_08_58,157 urllib3.connectionpool DEBUG https://api.telegram.org:443 "GET /bot2029964802:AAH78ON4PoZbzjOqxnLGuSLa5X9xG9BeTc4/getUpdates?offset=464427355&timeout=20 HTTP/1.1" 200 356
22_09_11,978 urllib3.connectionpool DEBUG Starting new HTTPS connection (1): api.telegram.org:443
22_09_12,144 urllib3.connectionpool DEBUG https://api.telegram.org:443 "GET /bot2029964802:AAH78ON4PoZbzjOqxnLGuSLa5X9xG9BeTc4/getUpdates?offset=1&timeout=20 HTTP/1.1" 200 356
22_09_13,406 urllib3.connectionpool DEBUG https://api.telegram.org:443 "GET /bot2029964802:AAH78ON4PoZbzjOqxnLGuSLa5X9xG9BeTc4/getUpdates?offset=464427356&timeout=20 HTTP/1.1" 200 356
22_09_14,146 urllib3.connectionpool DEBUG https://api.telegram.org:443 "GET /bot2029964802:AAH78ON4PoZbzjOqxnLGuSLa5X9xG9BeTc4/getUpdates?offset=464427357&timeout=20 HTTP/1.1" 200 356
22_09_15,317 urllib3.connectionpool DEBUG https://api.telegram.org:443 "GET /bot2029964802:AAH78ON4PoZbzjOqxnLGuSLa5X9xG9BeTc4/getUpdates?offset=464427358&timeout=20 HTTP/1.1" 200 356
22_09_18,529 urllib3.connectionpool DEBUG https://api.telegram.org:443 "GET /bot2029964802:AAH78ON4PoZbzjOqxnLGuSLa5X9xG9BeTc4/getUpdates?offset=464427359&timeout=20 HTTP/1.1" 200 356
22_09_38,576 urllib3.connectionpool DEBUG https://api.telegram.org:443 "GET /bot2029964802:AAH78ON4PoZbzjOqxnLGuSLa5X9xG9BeTc4/getUpdates?offset=464427360&timeout=20 HTTP/1.1" 200 23
22_09_58,614 urllib3.connectionpool DEBUG https://api.telegram.org:443 "GET /bot2029964802:AAH78ON4PoZbzjOqxnLGuSLa5X9xG9BeTc4/getUpdates?offset=464427360&timeout=20 HTTP/1.1" 200 23
09_16_20,169 urllib3.connectionpool DEBUG Starting new HTTPS connection (1): api.telegram.org:443
09_16_24,806 urllib3.connectionpool DEBUG https://api.telegram.org:443 "GET /bot2029964802:AAH78ON4PoZbzjOqxnLGuSLa5X9xG9BeTc4/getUpdates?offset=1&timeout=20 HTTP/1.1" 200 356
09_16_44,838 urllib3.connectionpool DEBUG https://api.telegram.org:443 "GET /bot2029964802:AAH78ON4PoZbzjOqxnLGuSLa5X9xG9BeTc4/getUpdates?offset=464427361&timeout=20 HTTP/1.1" 200 23
09_17_54,478 urllib3.connectionpool DEBUG Starting new HTTPS connection (1): api.telegram.org:443
09_17_56,698 urllib3.connectionpool DEBUG https://api.telegram.org:443 "GET /bot2029964802:AAH78ON4PoZbzjOqxnLGuSLa5X9xG9BeTc4/getUpdates?offset=1&timeout=20 HTTP/1.1" 200 356
09_18_16,743 urllib3.connectionpool DEBUG https://api.telegram.org:443 "GET /bot2029964802:AAH78ON4PoZbzjOqxnLGuSLa5X9xG9BeTc4/getUpdates?offset=464427362&timeout=20 HTTP/1.1" 200 23
09_32_40,748 urllib3.connectionpool DEBUG Starting new HTTPS connection (1): api.telegram.org:443
09_38_22,672 urllib3.connectionpool DEBUG Starting new HTTPS connection (1): api.telegram.org:443
09_38_28,714 urllib3.connectionpool DEBUG https://api.telegram.org:443 "GET /bot2029964802:AAH78ON4PoZbzjOqxnLGuSLa5X9xG9BeTc4/getUpdates?offset=1&timeout=20 HTTP/1.1" 200 356
09_38_48,745 urllib3.connectionpool DEBUG https://api.telegram.org:443 "GET /bot2029964802:AAH78ON4PoZbzjOqxnLGuSLa5X9xG9BeTc4/getUpdates?offset=464427363&timeout=20 HTTP/1.1" 200 23
09_39_56,710 urllib3.connectionpool DEBUG Starting new HTTPS connection (1): api.telegram.org:443
09_39_58,744 urllib3.connectionpool DEBUG https://api.telegram.org:443 "GET /bot2029964802:AAH78ON4PoZbzjOqxnLGuSLa5X9xG9BeTc4/getUpdates?offset=1&timeout=20 HTTP/1.1" 200 356
09_40_18,776 urllib3.connectionpool DEBUG https://api.telegram.org:443 "GET /bot2029964802:AAH78ON4PoZbzjOqxnLGuSLa5X9xG9BeTc4/getUpdates?offset=464427364&timeout=20 HTTP/1.1" 200 23
09_41_24,962 urllib3.connectionpool DEBUG Starting new HTTPS connection (1): api.telegram.org:443
09_41_26,582 urllib3.connectionpool DEBUG https://api.telegram.org:443 "GET /bot2029964802:AAH78ON4PoZbzjOqxnLGuSLa5X9xG9BeTc4/getUpdates?offset=1&timeout=20 HTTP/1.1" 200 356
09_41_54,433 urllib3.connectionpool DEBUG Starting new HTTPS connection (1): api.telegram.org:443
09_42_02,128 urllib3.connectionpool DEBUG https://api.telegram.org:443 "GET /bot2029964802:AAH78ON4PoZbzjOqxnLGuSLa5X9xG9BeTc4/getUpdates?offset=1&timeout=20 HTTP/1.1" 200 356
09_42_22,164 urllib3.connectionpool DEBUG https://api.telegram.org:443 "GET /bot2029964802:AAH78ON4PoZbzjOqxnLGuSLa5X9xG9BeTc4/getUpdates?offset=464427366&timeout=20 HTTP/1.1" 200 23
09_47_08,917 urllib3.connectionpool DEBUG Starting new HTTPS connection (1): api.telegram.org:443
09_47_12,164 urllib3.connectionpool DEBUG https://api.telegram.org:443 "GET /bot2029964802:AAH78ON4PoZbzjOqxnLGuSLa5X9xG9BeTc4/getUpdates?offset=1&timeout=20 HTTP/1.1" 200 356
09_47_32,198 urllib3.connectionpool DEBUG https://api.telegram.org:443 "GET /bot2029964802:AAH78ON4PoZbzjOqxnLGuSLa5X9xG9BeTc4/getUpdates?offset=464427367&timeout=20 HTTP/1.1" 200 23
09_50_18,886 urllib3.connectionpool DEBUG Starting new HTTPS connection (1): api.telegram.org:443
09_50_21,963 urllib3.connectionpool DEBUG https://api.telegram.org:443 "GET /bot2029964802:AAH78ON4PoZbzjOqxnLGuSLa5X9xG9BeTc4/getUpdates?offset=1&timeout=20 HTTP/1.1" 200 356
09_50_41,999 urllib3.connectionpool DEBUG https://api.telegram.org:443 "GET /bot2029964802:AAH78ON4PoZbzjOqxnLGuSLa5X9xG9BeTc4/getUpdates?offset=464427368&timeout=20 HTTP/1.1" 200 23
16_53_52,564 urllib3.connectionpool DEBUG Starting new HTTPS connection (1): api.telegram.org:443
16_54_06,203 urllib3.connectionpool DEBUG https://api.telegram.org:443 "GET /bot2029964802:AAH78ON4PoZbzjOqxnLGuSLa5X9xG9BeTc4/getUpdates?offset=1&timeout=20 HTTP/1.1" 200 356
16_54_26,240 urllib3.connectionpool DEBUG https://api.telegram.org:443 "GET /bot2029964802:AAH78ON4PoZbzjOqxnLGuSLa5X9xG9BeTc4/getUpdates?offset=464427369&timeout=20 HTTP/1.1" 200 23
16_57_02,647 urllib3.connectionpool DEBUG Starting new HTTPS connection (1): api.telegram.org:443
16_57_08,737 urllib3.connectionpool DEBUG https://api.telegram.org:443 "GET /bot2029964802:AAH78ON4PoZbzjOqxnLGuSLa5X9xG9BeTc4/getUpdates?offset=1&timeout=20 HTTP/1.1" 200 356
16_57_28,777 urllib3.connectionpool DEBUG https://api.telegram.org:443 "GET /bot2029964802:AAH78ON4PoZbzjOqxnLGuSLa5X9xG9BeTc4/getUpdates?offset=464427370&timeout=20 HTTP/1.1" 200 23
23_13_26,535 urllib3.connectionpool DEBUG Starting new HTTPS connection (1): api.telegram.org:443
23_13_39,458 urllib3.connectionpool DEBUG https://api.telegram.org:443 "GET /bot2029964802:AAH78ON4PoZbzjOqxnLGuSLa5X9xG9BeTc4/getUpdates?offset=1&timeout=20 HTTP/1.1" 200 356
23_13_59,490 urllib3.connectionpool DEBUG https://api.telegram.org:443 "GET /bot2029964802:AAH78ON4PoZbzjOqxnLGuSLa5X9xG9BeTc4/getUpdates?offset=464427371&timeout=20 HTTP/1.1" 200 23
